<?xml version="1.0" encoding="UTF-8"?>
<!-- Generated by org.testng.reporters.JUnitReportReporter -->
<testsuite hostname="LAPTOP-KCPBKA6Q" name="com.edureka.pages.Reserveflight" tests="1" failures="0" timestamp="10 Apr 2018 16:04:05 GMT" time="20.049" errors="0">
  <testcase name="bookDetails" time="20.049" classname="com.edureka.pages.Reserveflight"/>
</testsuite> <!-- com.edureka.pages.Reserveflight -->
