<?xml version="1.0" encoding="UTF-8"?>
<!-- Generated by org.testng.reporters.JUnitReportReporter -->
<testsuite hostname="LAPTOP-KCPBKA6Q" name="com.edureka.pages.Sendmail" tests="1" failures="0" timestamp="9 Apr 2018 15:08:30 GMT" time="14.573" errors="0">
  <testcase name="reportGeneration" time="14.573" classname="com.edureka.pages.Sendmail"/>
</testsuite> <!-- com.edureka.pages.Sendmail -->
