<?xml version="1.0" encoding="UTF-8"?>
<!-- Generated by org.testng.reporters.JUnitReportReporter -->
<testsuite hostname="LAPTOP-KCPBKA6Q" name="com.edureka.pages.Login" tests="1" failures="0" timestamp="10 Apr 2018 16:04:06 GMT" time="3.414" errors="0">
  <testcase name="enterCredentials" time="3.414" classname="com.edureka.pages.Login"/>
</testsuite> <!-- com.edureka.pages.Login -->
